NAME            MAJ:MIN RM   SIZE RO TYPE MOUNTPOINT
sda               8:0    1  14.6G  0 disk 
└─sda1            8:1    1  14.6G  0 part /run/media/root/KERNEL
sdb               8:16   0 465.8G  0 disk 
├─sdb1            8:17   0   200M  0 part 
└─sdb2            8:18   0    93G  0 part 
sdc               8:32   0 465.8G  0 disk 
└─sdc1            8:33   0 465.8G  0 part 
sdd               8:48   0 465.8G  0 disk 
└─sdd1            8:49   0 465.8G  0 part 
sde               8:64   0 465.8G  0 disk 
└─sde1            8:65   0 465.8G  0 part 
mmcblk0         179:0    0  58.2G  0 disk 
├─mmcblk0p1     179:1    0   200M  0 part /boot/efi
├─mmcblk0p2     179:2    0     1G  0 part /boot
└─mmcblk0p3     179:3    0    57G  0 part 
  ├─fedora-root 252:0    0  34.4G  0 lvm  /
  ├─fedora-swap 252:1    0   5.8G  0 lvm  [SWAP]
  └─fedora-home 252:2    0  16.8G  0 lvm  /home
mmcblk0boot0    179:8    0     4M  1 disk 
mmcblk0boot1    179:16   0     4M  1 disk 
nvme0n1         259:0    0 372.6G  0 disk 
└─nvme0n1p1     259:1    0 372.6G  0 part 
